<?xml version="1.0" encoding="UTF-8"?>
<!-- Generated by org.testng.reporters.JUnitReportReporter -->
<testsuite skipped="0" hostname="D-184003222" name="com.wipro.chcare.ccc.openCart007_Addingallproductsfromcategory" tests="3" failures="0" timestamp="27 Feb 2018 07:27:22 GMT" time="27.133" errors="0">
  <testcase name="openApp" time="3.810" classname="com.wipro.chcare.ccc.openCart007_Addingallproductsfromcategory"/>
  <testcase name="loginApp" time="1.155" classname="com.wipro.chcare.ccc.openCart007_Addingallproductsfromcategory"/>
  <testcase name="addingAllProducts" time="22.168" classname="com.wipro.chcare.ccc.openCart007_Addingallproductsfromcategory"/>
</testsuite> <!-- com.wipro.chcare.ccc.openCart007_Addingallproductsfromcategory -->
