<?xml version="1.0" encoding="UTF-8"?>
<!-- Generated by org.testng.reporters.JUnitReportReporter -->
<testsuite skipped="0" hostname="D-184003222" name="com.wipro.chcare.ccc.openCart006_performingActions_Totalamount" tests="3" failures="0" timestamp="27 Feb 2018 07:40:41 GMT" time="8.789" errors="0">
  <testcase name="loginApp" time="0.671" classname="com.wipro.chcare.ccc.openCart006_performingActions_Totalamount"/>
  <testcase name="openApp" time="2.197" classname="com.wipro.chcare.ccc.openCart006_performingActions_Totalamount"/>
  <testcase name="performingActions" time="5.921" classname="com.wipro.chcare.ccc.openCart006_performingActions_Totalamount"/>
</testsuite> <!-- com.wipro.chcare.ccc.openCart006_performingActions_Totalamount -->
