<?xml version="1.0" encoding="UTF-8"?>
<!-- Generated by org.testng.reporters.JUnitReportReporter -->
<testsuite skipped="0" hostname="D-184003222" name="com.wipro.chcare.ccc.openCart004_AddingPhonesToTheCart" tests="5" failures="0" timestamp="26 Feb 2018 05:23:15 GMT" time="109.679" errors="0">
  <testcase name="openApp" time="3.152" classname="com.wipro.chcare.ccc.openCart004_AddingPhonesToTheCart"/>
  <testcase name="billingDetails" time="63.174" classname="com.wipro.chcare.ccc.openCart004_AddingPhonesToTheCart"/>
  <testcase name="loginApp" time="0.794" classname="com.wipro.chcare.ccc.openCart004_AddingPhonesToTheCart"/>
  <testcase name="homePageNavigation" time="0.427" classname="com.wipro.chcare.ccc.openCart004_AddingPhonesToTheCart"/>
  <testcase name="AddingPhonesToTheCart" time="42.132" classname="com.wipro.chcare.ccc.openCart004_AddingPhonesToTheCart"/>
</testsuite> <!-- com.wipro.chcare.ccc.openCart004_AddingPhonesToTheCart -->
